2025-10-19 18:01:23
anb-nginx,0.00%,2.613MiB / 7.734GiB
desarrollo-de-software-en-la-nube-main-storeapi-1,0.23%,70.82MiB / 7.734GiB
anb-database,0.00%,25.99MiB / 7.734GiB
anb-redis,0.65%,4.672MiB / 7.734GiB
kafka,2.26%,783.7MiB / 7.734GiB
2025-10-19 18:01:27
anb-nginx,0.00%,2.613MiB / 7.734GiB
desarrollo-de-software-en-la-nube-main-storeapi-1,0.24%,70.82MiB / 7.734GiB
anb-database,0.00%,25.99MiB / 7.734GiB
anb-redis,0.35%,4.672MiB / 7.734GiB
kafka,102.88%,783.7MiB / 7.734GiB
2025-10-19 18:01:31
anb-nginx,0.00%,2.609MiB / 7.734GiB
desarrollo-de-software-en-la-nube-main-storeapi-1,0.23%,70.82MiB / 7.734GiB
anb-database,0.00%,25.99MiB / 7.734GiB
anb-redis,0.43%,4.672MiB / 7.734GiB
kafka,2.01%,783.7MiB / 7.734GiB
2025-10-19 18:01:34
anb-nginx,0.00%,2.609MiB / 7.734GiB
desarrollo-de-software-en-la-nube-main-storeapi-1,0.27%,70.82MiB / 7.734GiB
anb-database,0.00%,25.99MiB / 7.734GiB
anb-redis,0.63%,4.672MiB / 7.734GiB
kafka,75.38%,783.7MiB / 7.734GiB
2025-10-19 18:01:38
anb-nginx,0.00%,2.609MiB / 7.734GiB
desarrollo-de-software-en-la-nube-main-storeapi-1,0.28%,70.82MiB / 7.734GiB
anb-database,3.04%,26MiB / 7.734GiB
anb-redis,0.47%,4.672MiB / 7.734GiB
kafka,2.47%,783.7MiB / 7.734GiB
2025-10-19 18:01:42
anb-nginx,0.00%,2.605MiB / 7.734GiB
desarrollo-de-software-en-la-nube-main-storeapi-1,0.22%,70.82MiB / 7.734GiB
anb-database,0.01%,26MiB / 7.734GiB
anb-redis,0.40%,4.672MiB / 7.734GiB
kafka,1.65%,783.9MiB / 7.734GiB
2025-10-19 18:01:45
anb-nginx,0.00%,2.605MiB / 7.734GiB
desarrollo-de-software-en-la-nube-main-storeapi-1,0.13%,70.82MiB / 7.734GiB
anb-database,0.00%,25.99MiB / 7.734GiB
anb-redis,0.31%,4.672MiB / 7.734GiB
kafka,25.80%,816.8MiB / 7.734GiB
2025-10-19 18:01:49
anb-nginx,0.00%,2.605MiB / 7.734GiB
desarrollo-de-software-en-la-nube-main-storeapi-1,0.18%,70.82MiB / 7.734GiB
anb-database,0.00%,25.99MiB / 7.734GiB
anb-redis,0.27%,4.672MiB / 7.734GiB
kafka,1.07%,783.7MiB / 7.734GiB
2025-10-19 18:01:52
anb-nginx,0.00%,2.605MiB / 7.734GiB
desarrollo-de-software-en-la-nube-main-storeapi-1,0.14%,70.82MiB / 7.734GiB
anb-database,3.01%,25.99MiB / 7.734GiB
anb-redis,0.27%,4.672MiB / 7.734GiB
kafka,1.06%,783.7MiB / 7.734GiB
2025-10-19 18:01:56
anb-nginx,0.00%,2.605MiB / 7.734GiB
desarrollo-de-software-en-la-nube-main-storeapi-1,0.28%,70.82MiB / 7.734GiB
anb-database,0.01%,25.99MiB / 7.734GiB
anb-redis,0.68%,4.672MiB / 7.734GiB
kafka,2.45%,783.7MiB / 7.734GiB
2025-10-19 18:02:00
anb-nginx,0.00%,2.605MiB / 7.734GiB
desarrollo-de-software-en-la-nube-main-storeapi-1,0.29%,70.82MiB / 7.734GiB
anb-database,0.00%,25.99MiB / 7.734GiB
anb-redis,0.57%,4.672MiB / 7.734GiB
kafka,2.77%,783.7MiB / 7.734GiB
2025-10-19 18:02:03
anb-nginx,0.00%,2.605MiB / 7.734GiB
desarrollo-de-software-en-la-nube-main-storeapi-1,0.12%,70.82MiB / 7.734GiB
anb-database,2.05%,25.99MiB / 7.734GiB
anb-redis,0.27%,4.672MiB / 7.734GiB
kafka,16.64%,802.8MiB / 7.734GiB
2025-10-19 18:02:07
anb-nginx,0.00%,2.605MiB / 7.734GiB
desarrollo-de-software-en-la-nube-main-storeapi-1,0.17%,70.82MiB / 7.734GiB
anb-database,0.02%,25.99MiB / 7.734GiB
anb-redis,0.62%,4.672MiB / 7.734GiB
kafka,1.84%,783.7MiB / 7.734GiB
2025-10-19 18:02:11
anb-nginx,0.00%,2.605MiB / 7.734GiB
desarrollo-de-software-en-la-nube-main-storeapi-1,0.25%,70.82MiB / 7.734GiB
anb-database,0.00%,25.99MiB / 7.734GiB
anb-redis,0.48%,4.672MiB / 7.734GiB
kafka,39.13%,783.7MiB / 7.734GiB
2025-10-19 18:02:14
anb-nginx,0.00%,2.605MiB / 7.734GiB
desarrollo-de-software-en-la-nube-main-storeapi-1,0.41%,70.82MiB / 7.734GiB
anb-database,0.00%,25.99MiB / 7.734GiB
anb-redis,0.74%,4.672MiB / 7.734GiB
kafka,1.16%,783.7MiB / 7.734GiB
2025-10-19 18:02:18
anb-nginx,0.00%,2.605MiB / 7.734GiB
desarrollo-de-software-en-la-nube-main-storeapi-1,0.20%,70.82MiB / 7.734GiB
anb-database,0.01%,25.99MiB / 7.734GiB
anb-redis,0.50%,4.672MiB / 7.734GiB
kafka,2.09%,783.7MiB / 7.734GiB
2025-10-19 18:02:21
anb-nginx,0.00%,2.605MiB / 7.734GiB
desarrollo-de-software-en-la-nube-main-storeapi-1,0.18%,70.82MiB / 7.734GiB
anb-database,0.01%,25.99MiB / 7.734GiB
anb-redis,0.30%,4.672MiB / 7.734GiB
kafka,75.49%,783.7MiB / 7.734GiB
2025-10-19 18:02:25
anb-nginx,0.00%,2.605MiB / 7.734GiB
desarrollo-de-software-en-la-nube-main-storeapi-1,0.23%,70.82MiB / 7.734GiB
anb-database,0.00%,25.99MiB / 7.734GiB
anb-redis,0.42%,4.672MiB / 7.734GiB
kafka,1.55%,783.7MiB / 7.734GiB
2025-10-19 18:02:29
anb-nginx,0.00%,2.605MiB / 7.734GiB
desarrollo-de-software-en-la-nube-main-storeapi-1,0.18%,70.82MiB / 7.734GiB
anb-database,2.18%,25.99MiB / 7.734GiB
anb-redis,0.40%,4.672MiB / 7.734GiB
kafka,27.63%,783.7MiB / 7.734GiB
2025-10-19 18:02:32
anb-nginx,0.00%,2.605MiB / 7.734GiB
desarrollo-de-software-en-la-nube-main-storeapi-1,0.22%,70.82MiB / 7.734GiB
anb-database,0.28%,26MiB / 7.734GiB
anb-redis,0.67%,4.672MiB / 7.734GiB
kafka,13.06%,786.6MiB / 7.734GiB
2025-10-19 18:02:36
anb-nginx,0.00%,2.605MiB / 7.734GiB
desarrollo-de-software-en-la-nube-main-storeapi-1,0.22%,70.82MiB / 7.734GiB
anb-database,0.00%,25.99MiB / 7.734GiB
anb-redis,0.46%,4.672MiB / 7.734GiB
kafka,3.12%,783.7MiB / 7.734GiB
2025-10-19 18:02:39
anb-nginx,0.00%,2.605MiB / 7.734GiB
desarrollo-de-software-en-la-nube-main-storeapi-1,0.20%,70.82MiB / 7.734GiB
anb-database,0.00%,26MiB / 7.734GiB
anb-redis,0.25%,4.672MiB / 7.734GiB
kafka,36.31%,783.7MiB / 7.734GiB
2025-10-19 18:02:43
anb-nginx,0.00%,2.605MiB / 7.734GiB
desarrollo-de-software-en-la-nube-main-storeapi-1,0.17%,70.82MiB / 7.734GiB
anb-database,0.00%,26MiB / 7.734GiB
anb-redis,0.48%,4.672MiB / 7.734GiB
kafka,1.21%,783.7MiB / 7.734GiB
2025-10-19 18:02:47
anb-nginx,0.00%,2.605MiB / 7.734GiB
desarrollo-de-software-en-la-nube-main-storeapi-1,0.29%,70.82MiB / 7.734GiB
anb-database,0.01%,25.99MiB / 7.734GiB
anb-redis,0.35%,4.922MiB / 7.734GiB
kafka,2.16%,783.8MiB / 7.734GiB
2025-10-19 18:02:50
anb-nginx,0.00%,2.605MiB / 7.734GiB
desarrollo-de-software-en-la-nube-main-storeapi-1,0.17%,70.82MiB / 7.734GiB
anb-database,0.00%,26MiB / 7.734GiB
anb-redis,0.34%,4.672MiB / 7.734GiB
kafka,69.20%,838.9MiB / 7.734GiB
2025-10-19 18:02:54
anb-nginx,0.00%,2.605MiB / 7.734GiB
desarrollo-de-software-en-la-nube-main-storeapi-1,0.23%,70.82MiB / 7.734GiB
anb-database,2.72%,25.99MiB / 7.734GiB
anb-redis,0.56%,4.672MiB / 7.734GiB
kafka,1.15%,784MiB / 7.734GiB
2025-10-19 18:02:58
anb-nginx,0.00%,2.605MiB / 7.734GiB
desarrollo-de-software-en-la-nube-main-storeapi-1,0.23%,70.82MiB / 7.734GiB
anb-database,0.00%,25.99MiB / 7.734GiB
anb-redis,0.53%,4.672MiB / 7.734GiB
kafka,2.70%,783.8MiB / 7.734GiB
2025-10-19 18:03:01
anb-nginx,0.00%,2.605MiB / 7.734GiB
desarrollo-de-software-en-la-nube-main-storeapi-1,0.28%,70.82MiB / 7.734GiB
anb-database,0.32%,25.99MiB / 7.734GiB
anb-redis,0.77%,4.672MiB / 7.734GiB
kafka,1.28%,783.8MiB / 7.734GiB
2025-10-19 18:03:05
anb-nginx,0.00%,2.605MiB / 7.734GiB
desarrollo-de-software-en-la-nube-main-storeapi-1,0.29%,70.82MiB / 7.734GiB
anb-database,0.06%,26MiB / 7.734GiB
anb-redis,0.59%,4.672MiB / 7.734GiB
kafka,1.81%,783.8MiB / 7.734GiB
2025-10-19 18:03:08
anb-nginx,0.00%,2.605MiB / 7.734GiB
desarrollo-de-software-en-la-nube-main-storeapi-1,0.12%,70.82MiB / 7.734GiB
anb-database,2.06%,25.99MiB / 7.734GiB
anb-redis,0.64%,4.672MiB / 7.734GiB
kafka,105.92%,858MiB / 7.734GiB
2025-10-19 18:03:12
anb-nginx,0.00%,2.605MiB / 7.734GiB
desarrollo-de-software-en-la-nube-main-storeapi-1,0.21%,70.82MiB / 7.734GiB
anb-database,1.27%,26MiB / 7.734GiB
anb-redis,0.71%,4.672MiB / 7.734GiB
kafka,1.80%,783.8MiB / 7.734GiB
2025-10-19 18:03:16
anb-nginx,0.00%,2.605MiB / 7.734GiB
desarrollo-de-software-en-la-nube-main-storeapi-1,0.15%,70.82MiB / 7.734GiB
anb-database,0.00%,26MiB / 7.734GiB
anb-redis,0.32%,4.672MiB / 7.734GiB
kafka,104.01%,860.1MiB / 7.734GiB
2025-10-19 18:03:19
anb-nginx,0.00%,2.605MiB / 7.734GiB
desarrollo-de-software-en-la-nube-main-storeapi-1,0.16%,70.82MiB / 7.734GiB
anb-database,2.61%,26MiB / 7.734GiB
anb-redis,0.40%,4.672MiB / 7.734GiB
kafka,3.21%,783.8MiB / 7.734GiB
2025-10-19 18:03:23
anb-nginx,0.00%,2.605MiB / 7.734GiB
desarrollo-de-software-en-la-nube-main-storeapi-1,0.25%,70.82MiB / 7.734GiB
anb-database,0.00%,26MiB / 7.734GiB
anb-redis,1.17%,4.672MiB / 7.734GiB
kafka,1.87%,783.8MiB / 7.734GiB
2025-10-19 18:03:27
anb-nginx,0.00%,2.605MiB / 7.734GiB
desarrollo-de-software-en-la-nube-main-storeapi-1,0.16%,70.82MiB / 7.734GiB
anb-database,0.00%,26MiB / 7.734GiB
anb-redis,0.34%,4.672MiB / 7.734GiB
kafka,106.03%,783.8MiB / 7.734GiB
2025-10-19 18:03:30
anb-nginx,0.00%,2.605MiB / 7.734GiB
desarrollo-de-software-en-la-nube-main-storeapi-1,0.22%,70.82MiB / 7.734GiB
anb-database,0.00%,26MiB / 7.734GiB
anb-redis,0.43%,4.672MiB / 7.734GiB
kafka,3.08%,783.8MiB / 7.734GiB
2025-10-19 18:03:34
anb-nginx,0.00%,2.605MiB / 7.734GiB
desarrollo-de-software-en-la-nube-main-storeapi-1,0.12%,70.82MiB / 7.734GiB
anb-database,2.97%,26MiB / 7.734GiB
anb-redis,0.41%,4.922MiB / 7.734GiB
kafka,1.49%,783.8MiB / 7.734GiB
2025-10-19 18:03:37
anb-nginx,0.00%,2.605MiB / 7.734GiB
desarrollo-de-software-en-la-nube-main-storeapi-1,0.24%,70.82MiB / 7.734GiB
anb-database,0.00%,26MiB / 7.734GiB
anb-redis,0.65%,4.672MiB / 7.734GiB
kafka,1.91%,783.8MiB / 7.734GiB
2025-10-19 18:03:41
anb-nginx,0.00%,2.605MiB / 7.734GiB
desarrollo-de-software-en-la-nube-main-storeapi-1,0.31%,70.82MiB / 7.734GiB
anb-database,0.00%,26MiB / 7.734GiB
anb-redis,0.67%,4.672MiB / 7.734GiB
kafka,1.64%,783.8MiB / 7.734GiB
2025-10-19 18:03:45
anb-nginx,0.00%,2.605MiB / 7.734GiB
desarrollo-de-software-en-la-nube-main-storeapi-1,0.20%,70.82MiB / 7.734GiB
anb-database,0.01%,25.99MiB / 7.734GiB
anb-redis,0.44%,4.672MiB / 7.734GiB
kafka,34.31%,820.3MiB / 7.734GiB
2025-10-19 18:03:48
anb-nginx,0.00%,2.605MiB / 7.734GiB
desarrollo-de-software-en-la-nube-main-storeapi-1,0.24%,70.82MiB / 7.734GiB
anb-database,0.00%,25.99MiB / 7.734GiB
anb-redis,0.50%,4.672MiB / 7.734GiB
kafka,1.02%,783.8MiB / 7.734GiB
2025-10-19 18:03:52
anb-nginx,0.00%,2.605MiB / 7.734GiB
desarrollo-de-software-en-la-nube-main-storeapi-1,0.25%,70.82MiB / 7.734GiB
anb-database,0.57%,26MiB / 7.734GiB
anb-redis,0.65%,4.672MiB / 7.734GiB
kafka,1.80%,783.8MiB / 7.734GiB
2025-10-19 18:03:56
anb-nginx,0.00%,2.605MiB / 7.734GiB
desarrollo-de-software-en-la-nube-main-storeapi-1,0.23%,70.82MiB / 7.734GiB
anb-database,0.00%,26MiB / 7.734GiB
anb-redis,0.44%,4.672MiB / 7.734GiB
kafka,2.22%,783.8MiB / 7.734GiB
2025-10-19 18:03:59
anb-nginx,0.00%,2.605MiB / 7.734GiB
desarrollo-de-software-en-la-nube-main-storeapi-1,0.21%,70.82MiB / 7.734GiB
anb-database,2.71%,25.99MiB / 7.734GiB
anb-redis,0.46%,4.672MiB / 7.734GiB
kafka,1.50%,783.8MiB / 7.734GiB
2025-10-19 18:04:03
anb-nginx,0.00%,2.605MiB / 7.734GiB
desarrollo-de-software-en-la-nube-main-storeapi-1,0.13%,70.82MiB / 7.734GiB
anb-database,0.00%,25.99MiB / 7.734GiB
anb-redis,0.25%,4.672MiB / 7.734GiB
kafka,31.26%,784.1MiB / 7.734GiB
2025-10-19 18:04:06
anb-nginx,0.00%,2.605MiB / 7.734GiB
desarrollo-de-software-en-la-nube-main-storeapi-1,0.32%,70.82MiB / 7.734GiB
anb-database,0.00%,26MiB / 7.734GiB
anb-redis,0.73%,4.672MiB / 7.734GiB
kafka,1.35%,783.8MiB / 7.734GiB
2025-10-19 18:04:10
anb-nginx,0.00%,2.605MiB / 7.734GiB
desarrollo-de-software-en-la-nube-main-storeapi-1,0.26%,70.82MiB / 7.734GiB
anb-database,0.00%,25.99MiB / 7.734GiB
anb-redis,1.39%,4.672MiB / 7.734GiB
kafka,2.59%,783.8MiB / 7.734GiB
2025-10-19 18:04:14
anb-nginx,0.00%,2.605MiB / 7.734GiB
desarrollo-de-software-en-la-nube-main-storeapi-1,0.11%,70.82MiB / 7.734GiB
anb-database,0.00%,26MiB / 7.734GiB
anb-redis,0.27%,4.672MiB / 7.734GiB
kafka,1.89%,784.1MiB / 7.734GiB
2025-10-19 18:04:17
anb-nginx,0.00%,2.605MiB / 7.734GiB
desarrollo-de-software-en-la-nube-main-storeapi-1,0.29%,70.82MiB / 7.734GiB
anb-database,0.00%,26MiB / 7.734GiB
anb-redis,0.64%,4.672MiB / 7.734GiB
kafka,2.20%,783.8MiB / 7.734GiB
2025-10-19 18:04:21
anb-nginx,0.00%,2.605MiB / 7.734GiB
desarrollo-de-software-en-la-nube-main-storeapi-1,0.29%,70.82MiB / 7.734GiB
anb-database,0.00%,25.99MiB / 7.734GiB
anb-redis,0.76%,4.672MiB / 7.734GiB
kafka,108.01%,856.4MiB / 7.734GiB
2025-10-19 18:04:25
anb-nginx,0.00%,2.605MiB / 7.734GiB
desarrollo-de-software-en-la-nube-main-storeapi-1,0.23%,70.82MiB / 7.734GiB
anb-database,2.83%,26MiB / 7.734GiB
anb-redis,0.48%,4.672MiB / 7.734GiB
kafka,1.99%,783.8MiB / 7.734GiB
2025-10-19 18:04:28
anb-nginx,0.00%,2.605MiB / 7.734GiB
desarrollo-de-software-en-la-nube-main-storeapi-1,0.17%,70.82MiB / 7.734GiB
anb-database,0.00%,26MiB / 7.734GiB
anb-redis,0.49%,4.672MiB / 7.734GiB
kafka,1.93%,783.8MiB / 7.734GiB
2025-10-19 18:04:32
anb-nginx,0.00%,2.605MiB / 7.734GiB
desarrollo-de-software-en-la-nube-main-storeapi-1,0.16%,70.82MiB / 7.734GiB
anb-database,0.00%,25.99MiB / 7.734GiB
anb-redis,0.37%,4.672MiB / 7.734GiB
kafka,1.58%,783.8MiB / 7.734GiB
2025-10-19 18:04:35
anb-nginx,0.00%,2.605MiB / 7.734GiB
desarrollo-de-software-en-la-nube-main-storeapi-1,0.15%,70.82MiB / 7.734GiB
anb-database,0.02%,26MiB / 7.734GiB
anb-redis,0.42%,4.672MiB / 7.734GiB
kafka,1.06%,783.8MiB / 7.734GiB
2025-10-19 18:04:39
anb-nginx,0.00%,2.605MiB / 7.734GiB
desarrollo-de-software-en-la-nube-main-storeapi-1,0.21%,70.82MiB / 7.734GiB
anb-database,0.00%,26MiB / 7.734GiB
anb-redis,0.39%,4.672MiB / 7.734GiB
kafka,1.88%,783.8MiB / 7.734GiB
2025-10-19 18:04:43
anb-nginx,0.00%,2.605MiB / 7.734GiB
desarrollo-de-software-en-la-nube-main-storeapi-1,0.26%,70.82MiB / 7.734GiB
anb-database,0.00%,25.99MiB / 7.734GiB
anb-redis,0.21%,4.672MiB / 7.734GiB
kafka,1.00%,783.8MiB / 7.734GiB
2025-10-19 18:04:46
anb-nginx,0.00%,2.605MiB / 7.734GiB
desarrollo-de-software-en-la-nube-main-storeapi-1,0.31%,70.82MiB / 7.734GiB
anb-database,0.00%,26MiB / 7.734GiB
anb-redis,0.72%,4.672MiB / 7.734GiB
kafka,2.50%,783.8MiB / 7.734GiB
2025-10-19 18:04:50
anb-nginx,0.00%,2.605MiB / 7.734GiB
desarrollo-de-software-en-la-nube-main-storeapi-1,0.10%,70.82MiB / 7.734GiB
anb-database,0.01%,26MiB / 7.734GiB
anb-redis,0.22%,4.672MiB / 7.734GiB
kafka,107.75%,854.7MiB / 7.734GiB
2025-10-19 18:04:54
anb-nginx,0.00%,2.605MiB / 7.734GiB
desarrollo-de-software-en-la-nube-main-storeapi-1,0.26%,70.82MiB / 7.734GiB
anb-database,0.00%,26MiB / 7.734GiB
anb-redis,0.66%,4.672MiB / 7.734GiB
kafka,1.79%,783.8MiB / 7.734GiB
2025-10-19 18:04:57
anb-nginx,0.00%,2.605MiB / 7.734GiB
desarrollo-de-software-en-la-nube-main-storeapi-1,0.29%,70.82MiB / 7.734GiB
anb-database,0.00%,26MiB / 7.734GiB
anb-redis,0.72%,4.672MiB / 7.734GiB
kafka,95.81%,783.8MiB / 7.734GiB
2025-10-19 18:05:01
anb-nginx,0.00%,2.605MiB / 7.734GiB
desarrollo-de-software-en-la-nube-main-storeapi-1,0.20%,70.82MiB / 7.734GiB
anb-database,0.00%,25.99MiB / 7.734GiB
anb-redis,0.45%,4.672MiB / 7.734GiB
kafka,1.11%,783.8MiB / 7.734GiB
2025-10-19 18:05:04
anb-nginx,0.00%,2.605MiB / 7.734GiB
desarrollo-de-software-en-la-nube-main-storeapi-1,0.28%,70.82MiB / 7.734GiB
anb-database,3.59%,26MiB / 7.734GiB
anb-redis,0.47%,4.672MiB / 7.734GiB
kafka,2.56%,783.8MiB / 7.734GiB
2025-10-19 18:05:08
anb-nginx,0.00%,2.605MiB / 7.734GiB
desarrollo-de-software-en-la-nube-main-storeapi-1,0.13%,70.82MiB / 7.734GiB
anb-database,0.00%,25.99MiB / 7.734GiB
anb-redis,0.27%,4.922MiB / 7.734GiB
kafka,101.99%,783.8MiB / 7.734GiB
2025-10-19 18:05:12
anb-nginx,0.00%,2.605MiB / 7.734GiB
desarrollo-de-software-en-la-nube-main-storeapi-1,0.16%,70.82MiB / 7.734GiB
anb-database,0.00%,26MiB / 7.734GiB
anb-redis,0.49%,4.672MiB / 7.734GiB
kafka,1.04%,783.8MiB / 7.734GiB
2025-10-19 18:05:15
anb-nginx,0.00%,2.605MiB / 7.734GiB
desarrollo-de-software-en-la-nube-main-storeapi-1,0.14%,70.82MiB / 7.734GiB
anb-database,2.47%,26MiB / 7.734GiB
anb-redis,0.35%,4.672MiB / 7.734GiB
kafka,64.50%,783.8MiB / 7.734GiB
2025-10-19 18:05:19
anb-nginx,0.00%,2.605MiB / 7.734GiB
desarrollo-de-software-en-la-nube-main-storeapi-1,0.38%,70.82MiB / 7.734GiB
anb-database,0.01%,26MiB / 7.734GiB
anb-redis,0.68%,4.672MiB / 7.734GiB
kafka,2.31%,783.8MiB / 7.734GiB
2025-10-19 18:05:22
anb-nginx,0.00%,2.605MiB / 7.734GiB
desarrollo-de-software-en-la-nube-main-storeapi-1,0.17%,70.82MiB / 7.734GiB
anb-database,0.00%,25.99MiB / 7.734GiB
anb-redis,0.60%,4.672MiB / 7.734GiB
kafka,3.06%,783.8MiB / 7.734GiB
2025-10-19 18:05:26
anb-nginx,0.00%,2.605MiB / 7.734GiB
desarrollo-de-software-en-la-nube-main-storeapi-1,0.15%,70.82MiB / 7.734GiB
anb-database,0.00%,25.99MiB / 7.734GiB
anb-redis,0.32%,4.672MiB / 7.734GiB
kafka,9.44%,786.7MiB / 7.734GiB
2025-10-19 18:05:30
anb-nginx,0.00%,2.605MiB / 7.734GiB
desarrollo-de-software-en-la-nube-main-storeapi-1,0.26%,70.82MiB / 7.734GiB
anb-database,0.00%,25.99MiB / 7.734GiB
anb-redis,0.62%,4.672MiB / 7.734GiB
kafka,1.70%,783.8MiB / 7.734GiB
2025-10-19 18:05:33
anb-nginx,0.00%,2.605MiB / 7.734GiB
desarrollo-de-software-en-la-nube-main-storeapi-1,0.23%,70.82MiB / 7.734GiB
anb-database,0.00%,26MiB / 7.734GiB
anb-redis,0.45%,4.672MiB / 7.734GiB
kafka,64.89%,783.8MiB / 7.734GiB
2025-10-19 18:05:37
anb-nginx,0.00%,2.605MiB / 7.734GiB
desarrollo-de-software-en-la-nube-main-storeapi-1,0.24%,70.82MiB / 7.734GiB
anb-database,0.02%,26MiB / 7.734GiB
anb-redis,0.38%,4.672MiB / 7.734GiB
kafka,2.06%,783.8MiB / 7.734GiB
2025-10-19 18:05:41
anb-nginx,0.00%,2.605MiB / 7.734GiB
desarrollo-de-software-en-la-nube-main-storeapi-1,0.30%,70.82MiB / 7.734GiB
anb-database,2.51%,26MiB / 7.734GiB
anb-redis,0.40%,4.672MiB / 7.734GiB
kafka,1.50%,783.8MiB / 7.734GiB
2025-10-19 18:05:44
anb-nginx,0.00%,2.605MiB / 7.734GiB
desarrollo-de-software-en-la-nube-main-storeapi-1,1.22%,70.82MiB / 7.734GiB
anb-database,0.00%,26MiB / 7.734GiB
anb-redis,0.34%,4.672MiB / 7.734GiB
kafka,44.58%,828.4MiB / 7.734GiB
2025-10-19 18:05:48
anb-nginx,0.00%,2.605MiB / 7.734GiB
desarrollo-de-software-en-la-nube-main-storeapi-1,0.15%,70.82MiB / 7.734GiB
anb-database,0.00%,25.99MiB / 7.734GiB
anb-redis,0.33%,4.672MiB / 7.734GiB
kafka,1.74%,783.8MiB / 7.734GiB
2025-10-19 18:05:51
anb-nginx,0.00%,2.605MiB / 7.734GiB
desarrollo-de-software-en-la-nube-main-storeapi-1,0.50%,70.82MiB / 7.734GiB
anb-database,0.31%,24.14MiB / 7.734GiB
anb-redis,0.58%,4.672MiB / 7.734GiB
kafka,4.85%,783.8MiB / 7.734GiB
2025-10-19 18:05:55
anb-nginx,0.00%,2.605MiB / 7.734GiB
desarrollo-de-software-en-la-nube-main-storeapi-1,0.27%,70.82MiB / 7.734GiB
anb-database,2.15%,24.15MiB / 7.734GiB
anb-redis,0.61%,4.672MiB / 7.734GiB
kafka,29.50%,816.8MiB / 7.734GiB
2025-10-19 18:05:59
anb-nginx,0.00%,2.605MiB / 7.734GiB
desarrollo-de-software-en-la-nube-main-storeapi-1,0.33%,70.82MiB / 7.734GiB
anb-database,0.00%,24.14MiB / 7.734GiB
anb-redis,0.39%,4.672MiB / 7.734GiB
kafka,1.11%,783.8MiB / 7.734GiB
2025-10-19 18:06:02
anb-nginx,0.00%,2.605MiB / 7.734GiB
desarrollo-de-software-en-la-nube-main-storeapi-1,0.11%,70.82MiB / 7.734GiB
anb-database,0.00%,24.14MiB / 7.734GiB
anb-redis,0.20%,4.672MiB / 7.734GiB
kafka,80.48%,845.8MiB / 7.734GiB
2025-10-19 18:06:06
anb-nginx,0.00%,2.605MiB / 7.734GiB
desarrollo-de-software-en-la-nube-main-storeapi-1,0.23%,70.82MiB / 7.734GiB
anb-database,2.05%,24.14MiB / 7.734GiB
anb-redis,0.39%,4.672MiB / 7.734GiB
kafka,1.39%,783.8MiB / 7.734GiB
2025-10-19 18:06:09
anb-nginx,0.00%,2.605MiB / 7.734GiB
desarrollo-de-software-en-la-nube-main-storeapi-1,0.25%,70.82MiB / 7.734GiB
anb-database,0.01%,24.14MiB / 7.734GiB
anb-redis,0.82%,4.672MiB / 7.734GiB
kafka,1.57%,783.8MiB / 7.734GiB
2025-10-19 18:06:13
anb-nginx,0.00%,2.605MiB / 7.734GiB
desarrollo-de-software-en-la-nube-main-storeapi-1,0.18%,70.82MiB / 7.734GiB
anb-database,0.00%,24.14MiB / 7.734GiB
anb-redis,0.47%,4.672MiB / 7.734GiB
kafka,60.80%,835.7MiB / 7.734GiB
2025-10-19 18:06:17
anb-nginx,0.00%,2.605MiB / 7.734GiB
desarrollo-de-software-en-la-nube-main-storeapi-1,0.30%,70.82MiB / 7.734GiB
anb-database,0.00%,24.14MiB / 7.734GiB
anb-redis,0.41%,4.672MiB / 7.734GiB
kafka,2.25%,783.8MiB / 7.734GiB
2025-10-19 18:06:20
anb-nginx,0.00%,2.605MiB / 7.734GiB
desarrollo-de-software-en-la-nube-main-storeapi-1,0.14%,70.82MiB / 7.734GiB
anb-database,2.19%,24.14MiB / 7.734GiB
anb-redis,0.28%,4.672MiB / 7.734GiB
kafka,106.94%,883.3MiB / 7.734GiB
2025-10-19 18:06:24
anb-nginx,0.00%,2.605MiB / 7.734GiB
desarrollo-de-software-en-la-nube-main-storeapi-1,0.28%,70.82MiB / 7.734GiB
anb-database,0.01%,24.14MiB / 7.734GiB
anb-redis,0.53%,4.672MiB / 7.734GiB
kafka,1.96%,783.8MiB / 7.734GiB
2025-10-19 18:06:28
anb-nginx,0.00%,2.605MiB / 7.734GiB
desarrollo-de-software-en-la-nube-main-storeapi-1,0.32%,70.82MiB / 7.734GiB
anb-database,0.01%,24.14MiB / 7.734GiB
anb-redis,0.78%,4.672MiB / 7.734GiB
kafka,2.76%,783.8MiB / 7.734GiB
2025-10-19 18:06:31
anb-nginx,0.00%,2.605MiB / 7.734GiB
desarrollo-de-software-en-la-nube-main-storeapi-1,0.12%,70.82MiB / 7.734GiB
anb-database,0.00%,24.14MiB / 7.734GiB
anb-redis,0.26%,4.672MiB / 7.734GiB
kafka,85.59%,858.5MiB / 7.734GiB
2025-10-19 18:06:35
anb-nginx,0.00%,2.605MiB / 7.734GiB
desarrollo-de-software-en-la-nube-main-storeapi-1,0.22%,70.82MiB / 7.734GiB
anb-database,0.00%,24.14MiB / 7.734GiB
anb-redis,0.44%,4.672MiB / 7.734GiB
kafka,1.82%,783.8MiB / 7.734GiB
2025-10-19 18:06:38
anb-nginx,0.00%,2.605MiB / 7.734GiB
desarrollo-de-software-en-la-nube-main-storeapi-1,0.19%,70.82MiB / 7.734GiB
anb-database,0.00%,24.14MiB / 7.734GiB
anb-redis,0.53%,4.672MiB / 7.734GiB
kafka,2.99%,783.8MiB / 7.734GiB
2025-10-19 18:06:42
anb-nginx,0.00%,2.605MiB / 7.734GiB
desarrollo-de-software-en-la-nube-main-storeapi-1,0.25%,70.82MiB / 7.734GiB
anb-database,0.00%,24.14MiB / 7.734GiB
anb-redis,0.54%,4.672MiB / 7.734GiB
kafka,1.41%,783.8MiB / 7.734GiB
2025-10-19 18:06:46
anb-nginx,0.00%,2.605MiB / 7.734GiB
desarrollo-de-software-en-la-nube-main-storeapi-1,0.13%,70.82MiB / 7.734GiB
anb-database,2.09%,24.14MiB / 7.734GiB
anb-redis,0.27%,4.672MiB / 7.734GiB
kafka,1.77%,783.8MiB / 7.734GiB
2025-10-19 18:06:49
anb-nginx,0.00%,2.605MiB / 7.734GiB
desarrollo-de-software-en-la-nube-main-storeapi-1,0.16%,70.82MiB / 7.734GiB
anb-database,0.00%,24.14MiB / 7.734GiB
anb-redis,0.44%,4.672MiB / 7.734GiB
kafka,104.86%,858.5MiB / 7.734GiB
2025-10-19 18:06:53
anb-nginx,0.00%,2.605MiB / 7.734GiB
desarrollo-de-software-en-la-nube-main-storeapi-1,0.13%,70.82MiB / 7.734GiB
anb-database,0.00%,24.14MiB / 7.734GiB
anb-redis,0.40%,4.672MiB / 7.734GiB
kafka,1.55%,783.8MiB / 7.734GiB
2025-10-19 18:06:56
anb-nginx,0.00%,2.605MiB / 7.734GiB
desarrollo-de-software-en-la-nube-main-storeapi-1,0.22%,70.81MiB / 7.734GiB
anb-database,2.04%,24.14MiB / 7.734GiB
anb-redis,0.18%,4.672MiB / 7.734GiB
kafka,1.67%,783.8MiB / 7.734GiB
2025-10-19 18:07:00
anb-nginx,0.00%,2.605MiB / 7.734GiB
desarrollo-de-software-en-la-nube-main-storeapi-1,0.25%,70.81MiB / 7.734GiB
anb-database,0.00%,24.14MiB / 7.734GiB
anb-redis,0.58%,4.672MiB / 7.734GiB
kafka,1.98%,783.8MiB / 7.734GiB
2025-10-19 18:07:04
anb-nginx,0.00%,2.605MiB / 7.734GiB
desarrollo-de-software-en-la-nube-main-storeapi-1,0.27%,70.81MiB / 7.734GiB
anb-database,0.00%,24.14MiB / 7.734GiB
anb-redis,0.68%,4.922MiB / 7.734GiB
kafka,1.88%,783.8MiB / 7.734GiB
2025-10-19 18:07:07
anb-nginx,0.00%,2.605MiB / 7.734GiB
desarrollo-de-software-en-la-nube-main-storeapi-1,0.14%,70.81MiB / 7.734GiB
anb-database,0.00%,24.14MiB / 7.734GiB
anb-redis,0.22%,4.672MiB / 7.734GiB
kafka,104.17%,783.8MiB / 7.734GiB
2025-10-19 18:07:11
anb-nginx,0.00%,2.605MiB / 7.734GiB
desarrollo-de-software-en-la-nube-main-storeapi-1,0.21%,70.81MiB / 7.734GiB
anb-database,2.17%,24.14MiB / 7.734GiB
anb-redis,0.51%,4.672MiB / 7.734GiB
kafka,1.56%,783.8MiB / 7.734GiB
2025-10-19 18:07:15
anb-nginx,0.00%,2.605MiB / 7.734GiB
desarrollo-de-software-en-la-nube-main-storeapi-1,0.32%,70.81MiB / 7.734GiB
anb-database,0.01%,24.14MiB / 7.734GiB
anb-redis,0.67%,4.672MiB / 7.734GiB
kafka,73.24%,783.8MiB / 7.734GiB
2025-10-19 18:07:18
anb-nginx,0.00%,2.605MiB / 7.734GiB
desarrollo-de-software-en-la-nube-main-storeapi-1,0.26%,70.81MiB / 7.734GiB
anb-database,0.00%,24.14MiB / 7.734GiB
anb-redis,0.64%,4.672MiB / 7.734GiB
kafka,2.09%,783.8MiB / 7.734GiB
2025-10-19 18:07:22
anb-nginx,0.00%,2.605MiB / 7.734GiB
desarrollo-de-software-en-la-nube-main-storeapi-1,0.18%,70.81MiB / 7.734GiB
anb-database,2.44%,24.14MiB / 7.734GiB
anb-redis,0.31%,4.672MiB / 7.734GiB
kafka,1.77%,783.8MiB / 7.734GiB
2025-10-19 18:07:25
anb-nginx,0.00%,2.605MiB / 7.734GiB
desarrollo-de-software-en-la-nube-main-storeapi-1,0.12%,70.81MiB / 7.734GiB
anb-database,0.00%,24.14MiB / 7.734GiB
anb-redis,0.21%,4.672MiB / 7.734GiB
kafka,11.55%,786.2MiB / 7.734GiB
2025-10-19 18:07:29
anb-nginx,0.00%,2.605MiB / 7.734GiB
desarrollo-de-software-en-la-nube-main-storeapi-1,0.26%,70.81MiB / 7.734GiB
anb-database,0.03%,24.14MiB / 7.734GiB
anb-redis,0.79%,4.672MiB / 7.734GiB
kafka,2.01%,783.8MiB / 7.734GiB
2025-10-19 18:07:33
anb-nginx,0.00%,2.605MiB / 7.734GiB
desarrollo-de-software-en-la-nube-main-storeapi-1,0.37%,70.81MiB / 7.734GiB
anb-database,0.21%,24.14MiB / 7.734GiB
anb-redis,0.36%,4.672MiB / 7.734GiB
kafka,38.23%,783.8MiB / 7.734GiB
2025-10-19 18:07:36
anb-nginx,0.00%,2.605MiB / 7.734GiB
desarrollo-de-software-en-la-nube-main-storeapi-1,0.31%,70.81MiB / 7.734GiB
anb-database,2.40%,24.14MiB / 7.734GiB
anb-redis,0.59%,4.672MiB / 7.734GiB
kafka,1.37%,783.8MiB / 7.734GiB
2025-10-19 18:07:40
anb-nginx,0.00%,2.605MiB / 7.734GiB
desarrollo-de-software-en-la-nube-main-storeapi-1,0.28%,70.81MiB / 7.734GiB
anb-database,0.03%,24.14MiB / 7.734GiB
anb-redis,0.65%,4.672MiB / 7.734GiB
kafka,2.21%,783.8MiB / 7.734GiB
2025-10-19 18:07:43
anb-nginx,0.00%,2.605MiB / 7.734GiB
desarrollo-de-software-en-la-nube-main-storeapi-1,0.15%,70.81MiB / 7.734GiB
anb-database,0.00%,24.14MiB / 7.734GiB
anb-redis,0.43%,4.672MiB / 7.734GiB
kafka,57.29%,783.8MiB / 7.734GiB
2025-10-19 18:07:47
anb-nginx,0.00%,2.605MiB / 7.734GiB
desarrollo-de-software-en-la-nube-main-storeapi-1,0.28%,70.81MiB / 7.734GiB
anb-database,2.62%,24.14MiB / 7.734GiB
anb-redis,0.69%,4.672MiB / 7.734GiB
kafka,1.79%,783.8MiB / 7.734GiB
2025-10-19 18:07:51
anb-nginx,0.00%,2.605MiB / 7.734GiB
desarrollo-de-software-en-la-nube-main-storeapi-1,0.20%,70.81MiB / 7.734GiB
anb-database,0.00%,24.14MiB / 7.734GiB
anb-redis,0.44%,4.672MiB / 7.734GiB
kafka,12.49%,783.8MiB / 7.734GiB
2025-10-19 18:07:54
anb-nginx,0.00%,2.605MiB / 7.734GiB
desarrollo-de-software-en-la-nube-main-storeapi-1,0.21%,70.81MiB / 7.734GiB
anb-database,0.00%,24.14MiB / 7.734GiB
anb-redis,0.57%,4.672MiB / 7.734GiB
kafka,1.20%,783.8MiB / 7.734GiB
2025-10-19 18:07:58
anb-nginx,0.00%,2.605MiB / 7.734GiB
desarrollo-de-software-en-la-nube-main-storeapi-1,0.22%,70.81MiB / 7.734GiB
anb-database,0.16%,24.14MiB / 7.734GiB
anb-redis,0.54%,4.672MiB / 7.734GiB
kafka,1.44%,783.8MiB / 7.734GiB
2025-10-19 18:08:02
anb-nginx,0.00%,2.605MiB / 7.734GiB
desarrollo-de-software-en-la-nube-main-storeapi-1,0.19%,70.81MiB / 7.734GiB
anb-database,0.00%,24.14MiB / 7.734GiB
anb-redis,0.45%,4.672MiB / 7.734GiB
kafka,18.74%,783.8MiB / 7.734GiB
2025-10-19 18:08:05
anb-nginx,0.00%,2.605MiB / 7.734GiB
desarrollo-de-software-en-la-nube-main-storeapi-1,0.20%,70.81MiB / 7.734GiB
anb-database,0.01%,24.14MiB / 7.734GiB
anb-redis,0.54%,4.672MiB / 7.734GiB
kafka,1.58%,783.8MiB / 7.734GiB
2025-10-19 18:08:09
anb-nginx,0.00%,2.605MiB / 7.734GiB
desarrollo-de-software-en-la-nube-main-storeapi-1,0.21%,70.81MiB / 7.734GiB
anb-database,0.00%,24.14MiB / 7.734GiB
anb-redis,0.37%,4.672MiB / 7.734GiB
kafka,1.16%,783.8MiB / 7.734GiB
2025-10-19 18:08:12
anb-nginx,0.00%,2.605MiB / 7.734GiB
desarrollo-de-software-en-la-nube-main-storeapi-1,0.18%,70.81MiB / 7.734GiB
anb-database,0.22%,24.14MiB / 7.734GiB
anb-redis,0.40%,4.672MiB / 7.734GiB
kafka,1.44%,783.8MiB / 7.734GiB
2025-10-19 18:08:16
anb-nginx,0.00%,2.605MiB / 7.734GiB
desarrollo-de-software-en-la-nube-main-storeapi-1,0.23%,70.81MiB / 7.734GiB
anb-database,0.00%,24.14MiB / 7.734GiB
anb-redis,0.54%,4.672MiB / 7.734GiB
kafka,1.84%,783.8MiB / 7.734GiB
2025-10-19 18:08:20
anb-nginx,0.00%,2.605MiB / 7.734GiB
desarrollo-de-software-en-la-nube-main-storeapi-1,0.19%,70.81MiB / 7.734GiB
anb-database,0.00%,24.14MiB / 7.734GiB
anb-redis,0.47%,4.672MiB / 7.734GiB
kafka,3.22%,783.8MiB / 7.734GiB
2025-10-19 18:08:23
anb-nginx,0.00%,2.605MiB / 7.734GiB
desarrollo-de-software-en-la-nube-main-storeapi-1,0.23%,70.81MiB / 7.734GiB
anb-database,0.00%,24.14MiB / 7.734GiB
anb-redis,0.59%,4.672MiB / 7.734GiB
kafka,8.08%,783.8MiB / 7.734GiB
2025-10-19 18:08:27
anb-nginx,0.00%,2.605MiB / 7.734GiB
desarrollo-de-software-en-la-nube-main-storeapi-1,0.30%,70.81MiB / 7.734GiB
anb-database,7.67%,24.14MiB / 7.734GiB
anb-redis,0.54%,4.672MiB / 7.734GiB
kafka,1.92%,783.8MiB / 7.734GiB
2025-10-19 18:08:30
anb-nginx,0.00%,2.605MiB / 7.734GiB
desarrollo-de-software-en-la-nube-main-storeapi-1,0.18%,70.81MiB / 7.734GiB
anb-database,0.02%,24.14MiB / 7.734GiB
anb-redis,0.29%,4.672MiB / 7.734GiB
kafka,1.91%,783.8MiB / 7.734GiB
2025-10-19 18:08:34
anb-nginx,0.00%,2.605MiB / 7.734GiB
desarrollo-de-software-en-la-nube-main-storeapi-1,0.33%,70.81MiB / 7.734GiB
anb-database,0.00%,24.14MiB / 7.734GiB
anb-redis,0.85%,4.672MiB / 7.734GiB
kafka,2.61%,783.8MiB / 7.734GiB
2025-10-19 18:08:38
anb-nginx,0.00%,2.605MiB / 7.734GiB
desarrollo-de-software-en-la-nube-main-storeapi-1,0.20%,70.81MiB / 7.734GiB
anb-database,1.99%,24.14MiB / 7.734GiB
anb-redis,0.36%,4.672MiB / 7.734GiB
kafka,106.18%,859.7MiB / 7.734GiB
2025-10-19 18:08:41
anb-nginx,0.00%,2.605MiB / 7.734GiB
desarrollo-de-software-en-la-nube-main-storeapi-1,0.22%,70.81MiB / 7.734GiB
anb-database,0.00%,24.14MiB / 7.734GiB
anb-redis,0.76%,4.672MiB / 7.734GiB
kafka,2.06%,783.8MiB / 7.734GiB
2025-10-19 18:08:45
anb-nginx,0.00%,2.605MiB / 7.734GiB
desarrollo-de-software-en-la-nube-main-storeapi-1,0.31%,70.81MiB / 7.734GiB
anb-database,0.00%,24.14MiB / 7.734GiB
anb-redis,0.56%,4.672MiB / 7.734GiB
kafka,1.81%,783.8MiB / 7.734GiB
2025-10-19 18:08:49
anb-nginx,0.00%,2.605MiB / 7.734GiB
desarrollo-de-software-en-la-nube-main-storeapi-1,0.13%,70.81MiB / 7.734GiB
anb-database,0.00%,24.14MiB / 7.734GiB
anb-redis,0.41%,4.672MiB / 7.734GiB
kafka,100.14%,850.3MiB / 7.734GiB
2025-10-19 18:08:52
anb-nginx,0.00%,2.605MiB / 7.734GiB
desarrollo-de-software-en-la-nube-main-storeapi-1,0.23%,70.81MiB / 7.734GiB
anb-database,2.79%,24.15MiB / 7.734GiB
anb-redis,0.58%,4.672MiB / 7.734GiB
kafka,1.74%,783.8MiB / 7.734GiB
2025-10-19 18:08:56
anb-nginx,0.00%,2.605MiB / 7.734GiB
desarrollo-de-software-en-la-nube-main-storeapi-1,0.13%,70.81MiB / 7.734GiB
anb-database,0.00%,24.14MiB / 7.734GiB
anb-redis,0.43%,4.672MiB / 7.734GiB
kafka,1.49%,783.8MiB / 7.734GiB
2025-10-19 18:08:59
anb-nginx,0.00%,2.605MiB / 7.734GiB
desarrollo-de-software-en-la-nube-main-storeapi-1,0.13%,70.81MiB / 7.734GiB
anb-database,0.01%,24.14MiB / 7.734GiB
anb-redis,0.62%,4.672MiB / 7.734GiB
kafka,1.99%,783.8MiB / 7.734GiB
2025-10-19 18:09:03
anb-nginx,0.00%,2.605MiB / 7.734GiB
desarrollo-de-software-en-la-nube-main-storeapi-1,0.16%,70.81MiB / 7.734GiB
anb-database,8.07%,24.14MiB / 7.734GiB
anb-redis,0.29%,4.672MiB / 7.734GiB
kafka,1.16%,783.8MiB / 7.734GiB
2025-10-19 18:09:07
anb-nginx,0.00%,2.605MiB / 7.734GiB
desarrollo-de-software-en-la-nube-main-storeapi-1,0.14%,70.81MiB / 7.734GiB
anb-database,0.00%,24.14MiB / 7.734GiB
anb-redis,0.22%,4.672MiB / 7.734GiB
kafka,0.82%,783.8MiB / 7.734GiB
2025-10-19 18:09:10
anb-nginx,0.00%,2.605MiB / 7.734GiB
desarrollo-de-software-en-la-nube-main-storeapi-1,0.21%,70.81MiB / 7.734GiB
anb-database,0.00%,24.14MiB / 7.734GiB
anb-redis,0.43%,4.672MiB / 7.734GiB
kafka,1.81%,783.8MiB / 7.734GiB
2025-10-19 18:09:14
anb-nginx,0.00%,2.605MiB / 7.734GiB
desarrollo-de-software-en-la-nube-main-storeapi-1,0.27%,70.81MiB / 7.734GiB
anb-database,0.03%,24.14MiB / 7.734GiB
anb-redis,0.87%,4.672MiB / 7.734GiB
kafka,102.03%,783.9MiB / 7.734GiB
2025-10-19 18:09:18
anb-nginx,0.00%,2.605MiB / 7.734GiB
desarrollo-de-software-en-la-nube-main-storeapi-1,0.13%,70.81MiB / 7.734GiB
anb-database,0.00%,24.14MiB / 7.734GiB
anb-redis,0.33%,4.672MiB / 7.734GiB
kafka,1.09%,783.8MiB / 7.734GiB
2025-10-19 18:09:21
